<?xml version="1.0" encoding="UTF-8"?>
<!-- Generated by org.testng.reporters.JUnitReportReporter -->
<testsuite hostname="sebles-MacBook-Air.local" failures="0" tests="1" name="testcasespack.TestCases" time="43.116" errors="0" timestamp="2021-02-20T21:24:58 CST" skipped="0">
  <testcase classname="testcasespack.TestCases" name="navigate" time="43.116"/>
  <system-out/>
</testsuite> <!-- testcasespack.TestCases -->
