<?xml version="1.0" encoding="UTF-8"?>
<!-- Generated by org.testng.reporters.JUnitReportReporter -->
<testsuite skipped="0" hostname="sebles-MacBook-Air.local" name="testcasespack.testcase2" tests="1" failures="0" timestamp="2021-02-22T16:47:01 CST" time="25.082" errors="0">
  <testcase name="browserization" time="25.082" classname="testcasespack.testcase2"/>
  <system-out/>
</testsuite> <!-- testcasespack.testcase2 -->
